Performing C SOURCE FILE Test CMAKE_HAVE_LIBC_PTHREAD failed with the following output:
Change Dir: C:/Users/Administrateur/source/repos/Projet_CIR2_Banque/out/build/x64-Debug/CMakeFiles/CMakeTmp

Run Build Command(s):C:/Program Files/Microsoft Visual Studio/2022/Preview/Common7/IDE/CommonExtensions/Microsoft/CMake/Ninja/ninja.exe cmTC_5aa3a && [1/2] Building C object CMakeFiles\cmTC_5aa3a.dir\src.c.obj
FAILED: CMakeFiles/cmTC_5aa3a.dir/src.c.obj 
C:\PROGRA~1\MICROS~4\2022\Preview\VC\Tools\MSVC\1435~1.320\bin\Hostx64\x64\cl.exe  /nologo -DCMAKE_HAVE_LIBC_PTHREAD  /DWIN32 /D_WINDOWS  /Zi /Ob0 /Od /RTC1 /showIncludes /FoCMakeFiles\cmTC_5aa3a.dir\src.c.obj /FdCMakeFiles\cmTC_5aa3a.dir\ /FS -c C:\Users\Administrateur\source\repos\Projet_CIR2_Banque\out\build\x64-Debug\CMakeFiles\CMakeTmp\src.c
C:\Users\Administrateur\source\repos\Projet_CIR2_Banque\out\build\x64-Debug\CMakeFiles\CMakeTmp\src.c(1): fatal error C1083: Impossible d'ouvrir le fichier include : 'pthread.h' : No such file or directory
ninja: build stopped: subcommand failed.


Source file was:
#include <pthread.h>

static void* test_func(void* data)
{
  return data;
}

int main(void)
{
  pthread_t thread;
  pthread_create(&thread, NULL, test_func, NULL);
  pthread_detach(thread);
  pthread_cancel(thread);
  pthread_join(thread, NULL);
  pthread_atfork(NULL, NULL, NULL);
  pthread_exit(NULL);

  return 0;
}

Determining if the function pthread_create exists in the pthreads failed with the following output:
Change Dir: C:/Users/Administrateur/source/repos/Projet_CIR2_Banque/out/build/x64-Debug/CMakeFiles/CMakeTmp

Run Build Command(s):C:/Program Files/Microsoft Visual Studio/2022/Preview/Common7/IDE/CommonExtensions/Microsoft/CMake/Ninja/ninja.exe cmTC_139a2 && [1/2] Building C object CMakeFiles\cmTC_139a2.dir\CheckFunctionExists.c.obj
[2/2] Linking C executable cmTC_139a2.exe
FAILED: cmTC_139a2.exe 
cmd.exe /C "cd . && "C:\Program Files\Microsoft Visual Studio\2022\Preview\Common7\IDE\CommonExtensions\Microsoft\CMake\CMake\bin\cmake.exe" -E vs_link_exe --intdir=CMakeFiles\cmTC_139a2.dir --rc=C:\PROGRA~2\WI3CF2~1\10\bin\100190~1.0\x64\rc.exe --mt=C:\PROGRA~2\WI3CF2~1\10\bin\100190~1.0\x64\mt.exe --manifests  -- C:\PROGRA~1\MICROS~4\2022\Preview\VC\Tools\MSVC\1435~1.320\bin\Hostx64\x64\link.exe /nologo CMakeFiles\cmTC_139a2.dir\CheckFunctionExists.c.obj  /out:cmTC_139a2.exe /implib:cmTC_139a2.lib /pdb:cmTC_139a2.pdb /version:0.0 /machine:x64  /debug /INCREMENTAL /subsystem:console  pthreads.lib  kernel32.lib user32.lib gdi32.lib winspool.lib shell32.lib ole32.lib oleaut32.lib uuid.lib comdlg32.lib advapi32.lib && cd ."
LINK Pass 1: command "C:\PROGRA~1\MICROS~4\2022\Preview\VC\Tools\MSVC\1435~1.320\bin\Hostx64\x64\link.exe /nologo CMakeFiles\cmTC_139a2.dir\CheckFunctionExists.c.obj /out:cmTC_139a2.exe /implib:cmTC_139a2.lib /pdb:cmTC_139a2.pdb /version:0.0 /machine:x64 /debug /INCREMENTAL /subsystem:console pthreads.lib kernel32.lib user32.lib gdi32.lib winspool.lib shell32.lib ole32.lib oleaut32.lib uuid.lib comdlg32.lib advapi32.lib /MANIFEST /MANIFESTFILE:CMakeFiles\cmTC_139a2.dir/intermediate.manifest CMakeFiles\cmTC_139a2.dir/manifest.res" failed (exit code 1104) with the following output:
LINK : fatal error LNK1104: impossible d'ouvrir le fichier 'pthreads.lib'
ninja: build stopped: subcommand failed.



Determining if the function pthread_create exists in the pthread failed with the following output:
Change Dir: C:/Users/Administrateur/source/repos/Projet_CIR2_Banque/out/build/x64-Debug/CMakeFiles/CMakeTmp

Run Build Command(s):C:/Program Files/Microsoft Visual Studio/2022/Preview/Common7/IDE/CommonExtensions/Microsoft/CMake/Ninja/ninja.exe cmTC_d529e && [1/2] Building C object CMakeFiles\cmTC_d529e.dir\CheckFunctionExists.c.obj
[2/2] Linking C executable cmTC_d529e.exe
FAILED: cmTC_d529e.exe 
cmd.exe /C "cd . && "C:\Program Files\Microsoft Visual Studio\2022\Preview\Common7\IDE\CommonExtensions\Microsoft\CMake\CMake\bin\cmake.exe" -E vs_link_exe --intdir=CMakeFiles\cmTC_d529e.dir --rc=C:\PROGRA~2\WI3CF2~1\10\bin\100190~1.0\x64\rc.exe --mt=C:\PROGRA~2\WI3CF2~1\10\bin\100190~1.0\x64\mt.exe --manifests  -- C:\PROGRA~1\MICROS~4\2022\Preview\VC\Tools\MSVC\1435~1.320\bin\Hostx64\x64\link.exe /nologo CMakeFiles\cmTC_d529e.dir\CheckFunctionExists.c.obj  /out:cmTC_d529e.exe /implib:cmTC_d529e.lib /pdb:cmTC_d529e.pdb /version:0.0 /machine:x64  /debug /INCREMENTAL /subsystem:console  pthread.lib  kernel32.lib user32.lib gdi32.lib winspool.lib shell32.lib ole32.lib oleaut32.lib uuid.lib comdlg32.lib advapi32.lib && cd ."
LINK Pass 1: command "C:\PROGRA~1\MICROS~4\2022\Preview\VC\Tools\MSVC\1435~1.320\bin\Hostx64\x64\link.exe /nologo CMakeFiles\cmTC_d529e.dir\CheckFunctionExists.c.obj /out:cmTC_d529e.exe /implib:cmTC_d529e.lib /pdb:cmTC_d529e.pdb /version:0.0 /machine:x64 /debug /INCREMENTAL /subsystem:console pthread.lib kernel32.lib user32.lib gdi32.lib winspool.lib shell32.lib ole32.lib oleaut32.lib uuid.lib comdlg32.lib advapi32.lib /MANIFEST /MANIFESTFILE:CMakeFiles\cmTC_d529e.dir/intermediate.manifest CMakeFiles\cmTC_d529e.dir/manifest.res" failed (exit code 1104) with the following output:
LINK : fatal error LNK1104: impossible d'ouvrir le fichier 'pthread.lib'
ninja: build stopped: subcommand failed.



